Sat Feb 26 21:56:27 JST 2011: Creating new db @ helloworld\neostore
Sat Feb 26 21:56:29 JST 2011: Opened [helloworld\nioneo_logical.log.1] clean empty log, version=0
Sat Feb 26 21:56:29 JST 2011: Opened [D:\workspace\vardb-roo\helloworld\index/lucene.log.1] clean empty log, version=0
Sat Feb 26 21:56:29 JST 2011: Extension org.neo4j.graphdb.index.IndexProvider[lucene] initialized ok
Sat Feb 26 21:56:29 JST 2011: Extension org.neo4j.kernel.KernelExtension[kernel udc] initialized ok
Sat Feb 26 21:56:29 JST 2011: Extension org.neo4j.kernel.KernelExtension[kernel jmx] initialized ok
Sat Feb 26 21:56:29 JST 2011: Extension org.neo4j.kernel.KernelExtension[online backup] initialized ok
Sat Feb 26 21:56:29 JST 2011: TM new log: tm_tx_log.1
Sat Feb 26 21:56:29 JST 2011: --- CONFIGURATION START ---
Sat Feb 26 21:56:29 JST 2011: Physical mem: 2047MB, Heap size: 63MB
Sat Feb 26 21:56:29 JST 2011: Kernel version: Neo4j - Graph Database Kernel 1.3.M02
Sat Feb 26 21:56:29 JST 2011: Neo4j - Graph Database Kernel 1.3.M02
Sat Feb 26 21:56:29 JST 2011: Operating System: Windows XP; version: 5.1; arch: x86; cpus: 2
Sat Feb 26 21:56:29 JST 2011: VM Name: Java HotSpot(TM) Client VM
Sat Feb 26 21:56:29 JST 2011: VM Vendor: Sun Microsystems Inc.
Sat Feb 26 21:56:29 JST 2011: VM Version: 10.0-b19
Sat Feb 26 21:56:29 JST 2011: Boot Class Path: D:\packages\jdk1.6.0_04\jre\lib\resources.jar;D:\packages\jdk1.6.0_04\jre\lib\rt.jar;D:\packages\jdk1.6.0_04\jre\lib\sunrsasign.jar;D:\packages\jdk1.6.0_04\jre\lib\jsse.jar;D:\packages\jdk1.6.0_04\jre\lib\jce.jar;D:\packages\jdk1.6.0_04\jre\lib\charsets.jar;D:\packages\jdk1.6.0_04\jre\classes
Sat Feb 26 21:56:29 JST 2011: Class Path: D:\packages\apache-maven-3.0.2\bin\..\boot\plexus-classworlds-2.4.jar
Sat Feb 26 21:56:29 JST 2011: Library Path: D:\packages\jdk1.6.0_04\bin;.;C:\WINDOWS\Sun\Java\bin;C:\WINDOWS\system32;C:\WINDOWS;C:\packages\Ruby192\bin;C:\Perl\site\bin;C:\Perl\bin;d:\research\software\Rtools\bin;d:\research\software\Rtools\perl\bin;d:\research\software\Rtools\MinGW\bin;C:\WINDOWS\system32;C:\WINDOWS;C:\WINDOWS\System32\Wbem;C:\Program Files\NTRU Cryptosystems\NTRU TCG Software Stack\bin\;C:\Program Files\Wave Systems Corp\Gemalto\Access Client\v5\;C:\Program Files\Gemplus\GemSafe Libraries\BIN;C:\Program Files\Common Files\Roxio Shared\DLLShared\;D:\packages\jdk1.6.0_04\bin;D:\packages\apache-ant-1.8.0\bin;D:\packages\jboss-4.0.5.GA\bin;D:\packages\jboss-4.2.2.GA\bin;D:\research\software\python25;C:\Program Files\CollabNet Subversion;C:\Program Files\R\R-2.9.2\bin;D:\research\software\plink-1.07-dos;C:\Program Files\TortoiseSVN\bin;D:\packages\apache-maven-3.0.2\bin;C:\Program Files\Git\cmd;C:\Program Files\QuickTime\QTSystem\;D:\packages\sts\spring-roo-1.1.2.RELEASE\bin
Sat Feb 26 21:56:29 JST 2011: Garbage Collector: Copy: [Eden Space, Survivor Space]
Sat Feb 26 21:56:29 JST 2011: Garbage Collector: MarkSweepCompact: [Eden Space, Survivor Space, Tenured Gen, Perm Gen, Perm Gen [shared-ro], Perm Gen [shared-rw]]
Sat Feb 26 21:56:29 JST 2011: VM Arguments: [-Dclassworlds.conf=D:\packages\apache-maven-3.0.2\bin\..\bin\m2.conf, -Dmaven.home=D:\packages\apache-maven-3.0.2\bin\..]
Sat Feb 26 21:56:29 JST 2011: 
Sat Feb 26 21:56:29 JST 2011: create=true
Sat Feb 26 21:56:29 JST 2011: logical_log=helloworld\nioneo_logical.log
Sat Feb 26 21:56:29 JST 2011: neo_store=helloworld\neostore
Sat Feb 26 21:56:29 JST 2011: neostore.nodestore.db.mapped_memory=20M
Sat Feb 26 21:56:29 JST 2011: neostore.propertystore.db.arrays.mapped_memory=130M
Sat Feb 26 21:56:29 JST 2011: neostore.propertystore.db.index.keys.mapped_memory=1M
Sat Feb 26 21:56:29 JST 2011: neostore.propertystore.db.index.mapped_memory=1M
Sat Feb 26 21:56:29 JST 2011: neostore.propertystore.db.mapped_memory=90M
Sat Feb 26 21:56:29 JST 2011: neostore.propertystore.db.strings.mapped_memory=130M
Sat Feb 26 21:56:29 JST 2011: neostore.relationshipstore.db.mapped_memory=100M
Sat Feb 26 21:56:29 JST 2011: rebuild_idgenerators_fast=true
Sat Feb 26 21:56:29 JST 2011: store_dir=helloworld
Sat Feb 26 21:56:29 JST 2011: use_memory_mapped_buffers=false
Sat Feb 26 21:56:29 JST 2011: --- CONFIGURATION END ---
Sat Feb 26 21:56:29 JST 2011: Extension org.neo4j.graphdb.index.IndexProvider[lucene] loaded ok
Sat Feb 26 21:56:29 JST 2011: Extension org.neo4j.kernel.KernelExtension[kernel udc] loaded ok
Sat Feb 26 21:56:30 JST 2011: Extension org.neo4j.kernel.KernelExtension[kernel jmx] loaded ok
Sat Feb 26 21:56:30 JST 2011: Extension org.neo4j.kernel.KernelExtension[online backup] loaded ok
